<?xml version="1.0" encoding="UTF-8"?>
<testsuite xmlns:xsi="http://www.w3.org/2001/XMLSchema-instance" xsi:noNamespaceSchemaLocation="https://maven.apache.org/surefire/maven-surefire-plugin/xsd/surefire-test-report-3.0.xsd" version="3.0" name="com.techchallenge.restaurant.api.findfood.controller.AvaliacaoControllerIntegrationTest$findAll" time="7.782" tests="2" errors="0" skipped="0" failures="0">
  <properties>
[...]
</properties>
  <testcase name="deveRetornarTodasAsAvaliacoesComSucesso" classname="com.techchallenge.restaurant.api.findfood.controller.AvaliacaoControllerIntegrationTest$findAll" time="3.575">
    <system-out><![CDATA[2024-03-21T00:31:47.063-03:00  INFO 62616 --- [           main] t.c.s.AnnotationConfigContextLoaderUtils : Could not detect default configuration classes for test class [com.techchallenge.restaurant.api.findfood.controller.AvaliacaoControllerIntegrationTest]: AvaliacaoControllerIntegrationTest does not declare any static, non-private, non-final, nested classes annotated with @Configuration.
2024-03-21T00:31:47.066-03:00  INFO 62616 --- [           main] .b.t.c.SpringBootTestContextBootstrapper : Found @SpringBootConfiguration com.techchallenge.restaurant.api.findfood.FindfoodApplication for test class com.techchallenge.restaurant.api.findfood.controller.AvaliacaoControllerIntegrationTest

  .   ____          _            __ _ _
 /\\ / ___'_ __ _ _(_)_ __  __ _ \ \ \ \
( ( )\___ | '_ | '_| | '_ \/ _` | \ \ \ \
 \\/  ___)| |_)| | | | | || (_| |  ) ) ) )
  '  |____| .__|_| |_|_| |_\__, | / / / /
 =========|_|==============|___/=/_/_/_/
 :: Spring Boot ::                (v3.2.3)

2024-03-21T00:31:47.113-03:00  INFO 62616 --- [           main] a.f.c.AvaliacaoControllerIntegrationTest : Starting AvaliacaoControllerIntegrationTest using Java 17.0.10 with PID 62616 (started by jefferson in /home/jefferson/lab/docker/hoje/17032024/FIAP/tech_challenge_03/findFoodApi/findfoodback)
2024-03-21T00:31:47.114-03:00  INFO 62616 --- [           main] a.f.c.AvaliacaoControllerIntegrationTest : No active profile set, falling back to 1 default profile: "default"
2024-03-21T00:31:47.434-03:00  INFO 62616 --- [           main] .s.d.r.c.RepositoryConfigurationDelegate : Bootstrapping Spring Data JPA repositories in DEFAULT mode.
2024-03-21T00:31:47.453-03:00  INFO 62616 --- [           main] .s.d.r.c.RepositoryConfigurationDelegate : Finished Spring Data repository scanning in 18 ms. Found 3 JPA repository interfaces.
2024-03-21T00:31:47.938-03:00  INFO 62616 --- [           main] o.s.b.w.embedded.tomcat.TomcatWebServer  : Tomcat initialized with port 0 (http)
2024-03-21T00:31:47.985-03:00  INFO 62616 --- [           main] o.apache.catalina.core.StandardService   : Starting service [Tomcat]
2024-03-21T00:31:47.986-03:00  INFO 62616 --- [           main] o.apache.catalina.core.StandardEngine    : Starting Servlet engine: [Apache Tomcat/10.1.19]
2024-03-21T00:31:48.163-03:00  INFO 62616 --- [           main] o.a.c.c.C.[Tomcat].[localhost].[/]       : Initializing Spring embedded WebApplicationContext
2024-03-21T00:31:48.164-03:00  INFO 62616 --- [           main] w.s.c.ServletWebServerApplicationContext : Root WebApplicationContext: initialization completed in 1046 ms
2024-03-21T00:31:48.322-03:00  INFO 62616 --- [           main] com.zaxxer.hikari.HikariDataSource       : HikariPool-2 - Starting...
2024-03-21T00:31:52.951-03:00  INFO 62616 --- [           main] com.zaxxer.hikari.pool.HikariPool        : HikariPool-2 - Added connection org.postgresql.jdbc.PgConnection@2cb41105
2024-03-21T00:31:52.952-03:00  INFO 62616 --- [           main] com.zaxxer.hikari.HikariDataSource       : HikariPool-2 - Start completed.
2024-03-21T00:31:52.975-03:00  INFO 62616 --- [           main] o.hibernate.jpa.internal.util.LogHelper  : HHH000204: Processing PersistenceUnitInfo [name: default]
2024-03-21T00:31:52.979-03:00  INFO 62616 --- [           main] o.h.c.internal.RegionFactoryInitiator    : HHH000026: Second-level cache disabled
2024-03-21T00:31:52.986-03:00  INFO 62616 --- [           main] o.s.o.j.p.SpringPersistenceUnitInfo      : No LoadTimeWeaver setup: ignoring JPA class transformer
2024-03-21T00:31:53.363-03:00  WARN 62616 --- [           main] org.hibernate.orm.deprecation            : HHH90000025: PostgreSQLDialect does not need to be specified explicitly using 'hibernate.dialect' (remove the property setting and it will be selected by default)
2024-03-21T00:31:54.080-03:00  INFO 62616 --- [           main] o.h.e.t.j.p.i.JtaPlatformInitiator       : HHH000489: No JTA platform available (set 'hibernate.transaction.jta.platform' to enable JTA platform integration)
2024-03-21T00:31:59.978-03:00  INFO 62616 --- [           main] j.LocalContainerEntityManagerFactoryBean : Initialized JPA EntityManagerFactory for persistence unit 'default'
2024-03-21T00:32:00.237-03:00  WARN 62616 --- [           main] JpaBaseConfiguration$JpaWebConfiguration : spring.jpa.open-in-view is enabled by default. Therefore, database queries may be performed during view rendering. Explicitly configure spring.jpa.open-in-view to disable this warning
2024-03-21T00:32:00.965-03:00  INFO 62616 --- [           main] o.s.b.w.embedded.tomcat.TomcatWebServer  : Tomcat started on port 42081 (http) with context path ''
2024-03-21T00:32:00.976-03:00  INFO 62616 --- [           main] a.f.c.AvaliacaoControllerIntegrationTest : Started AvaliacaoControllerIntegrationTest in 13.904 seconds (process running for 91.467)
2024-03-21T00:32:04.627-03:00  INFO 62616 --- [           main] t.c.s.AnnotationConfigContextLoaderUtils : Could not detect default configuration classes for test class [com.techchallenge.restaurant.api.findfood.controller.AvaliacaoControllerIntegrationTest$findAll]: findAll does not declare any static, non-private, non-final, nested classes annotated with @Configuration.
2024-03-21T00:32:04.630-03:00  INFO 62616 --- [           main] .b.t.c.SpringBootTestContextBootstrapper : Found @SpringBootConfiguration com.techchallenge.restaurant.api.findfood.FindfoodApplication for test class com.techchallenge.restaurant.api.findfood.controller.AvaliacaoControllerIntegrationTest$findAll
2024-03-21T00:32:09.109-03:00  INFO 62616 --- [o-auto-1-exec-1] o.a.c.c.C.[Tomcat].[localhost].[/]       : Initializing Spring DispatcherServlet 'dispatcherServlet'
2024-03-21T00:32:09.110-03:00  INFO 62616 --- [o-auto-1-exec-1] o.s.web.servlet.DispatcherServlet        : Initializing Servlet 'dispatcherServlet'
2024-03-21T00:32:09.111-03:00  INFO 62616 --- [o-auto-1-exec-1] o.s.web.servlet.DispatcherServlet        : Completed initialization in 1 ms
]]></system-out>
  </testcase>
  <testcase name="deveLancarExceptionQuandoNaoEncontrarRestaurante" classname="com.techchallenge.restaurant.api.findfood.controller.AvaliacaoControllerIntegrationTest$findAll" time="1.329"/>
</testsuite>